<?xml version="1.0" encoding="UTF-8"?>
<testng-results ignored="0" total="3" passed="2" failed="1" skipped="0">
  <reporter-output>
  </reporter-output>
  <suite started-at="2024-01-01T10:42:11 IST" name="Cucumber Automation Suite" finished-at="2024-01-01T10:43:28 IST" duration-ms="77138">
    <groups>
      <group name="cucumber">
        <method signature="AbstractTestNGCucumberTests.runScenario(io.cucumber.testng.PickleWrapper,io.cucumber.testng.FeatureWrapper)[pri:0, instance:com.cucumber.pom.Runner.TestRunner@55b0dcab]" name="runScenario" class="io.cucumber.testng.AbstractTestNGCucumberTests"/>
      </group> <!-- cucumber -->
    </groups>
    <test started-at="2024-01-01T10:42:11 IST" name="Complete Test Run" finished-at="2024-01-01T10:43:28 IST" duration-ms="77138">
      <class name="com.cucumber.pom.Runner.TestRunner">
        <test-method is-config="true" signature="setUpClass(org.testng.ITestContext)[pri:0, instance:com.cucumber.pom.Runner.TestRunner@55b0dcab]" started-at="2024-01-01T10:42:11 IST" name="setUpClass" finished-at="2024-01-01T10:42:12 IST" duration-ms="550" status="PASS">
          <params>
            <param index="0">
              <value>
                <![CDATA[org.testng.TestRunner@2aee0704]]>
              </value>
            </param>
          </params>
          <reporter-output>
          </reporter-output>
        </test-method> <!-- setUpClass -->
        <test-method signature="runScenario(io.cucumber.testng.PickleWrapper,io.cucumber.testng.FeatureWrapper)[pri:0, instance:com.cucumber.pom.Runner.TestRunner@55b0dcab]" started-at="2024-01-01T10:42:12 IST" name="runScenario" description="Runs Cucumber Scenarios" data-provider="scenarios" finished-at="2024-01-01T10:43:07 IST" duration-ms="55526" status="PASS">
          <params>
            <param index="0">
              <value>
                <![CDATA["Create Portfolio"]]>
              </value>
            </param>
            <param index="1">
              <value>
                <![CDATA["Rediff Money Portfolio Operations"]]>
              </value>
            </param>
          </params>
          <reporter-output>
          </reporter-output>
        </test-method> <!-- runScenario -->
        <test-method signature="runScenario(io.cucumber.testng.PickleWrapper,io.cucumber.testng.FeatureWrapper)[pri:0, instance:com.cucumber.pom.Runner.TestRunner@55b0dcab]" started-at="2024-01-01T10:43:07 IST" name="runScenario" description="Runs Cucumber Scenarios" data-provider="scenarios" finished-at="2024-01-01T10:43:15 IST" duration-ms="7421" status="FAIL">
          <params>
            <param index="0">
              <value>
                <![CDATA["Rename Portfolio"]]>
              </value>
            </param>
            <param index="1">
              <value>
                <![CDATA["Rediff Money Portfolio Operations"]]>
              </value>
            </param>
          </params>
          <exception class="java.lang.AssertionError">
            <message>
              <![CDATA[Unable to verify signin...stale element reference: stale element not found
  (Session info: chrome=120.0.6099.130)
For documentation on this error, please visit: https://www.seleniumhq.org/exceptions/stale_element_reference.html
Build info: version: '3.141.59', revision: 'e82be7d358', time: '2018-11-14T08:17:03'
System info: host: 'LAPTOP-MIBHCKO2', ip: '192.168.1.105', os.name: 'Windows 11', os.arch: 'amd64', os.version: '10.0', java.version: '18.0.2.1'
Driver info: org.openqa.selenium.chrome.ChromeDriver
Capabilities {acceptInsecureCerts: false, browserName: chrome, browserVersion: 120.0.6099.130, chrome: {chromedriverVersion: 120.0.6099.109 (3419140ab66..., userDataDir: C:\Users\pushk\AppData\Loca...}, fedcm:accounts: true, goog:chromeOptions: {debuggerAddress: localhost:64186}, javascriptEnabled: true, networkConnectionEnabled: false, pageLoadStrategy: normal, platform: WINDOWS, platformName: WINDOWS, proxy: Proxy(), setWindowRect: true, strictFileInteractability: false, timeouts: {implicit: 0, pageLoad: 300000, script: 30000}, unhandledPromptBehavior: dismiss and notify, webauthn:extension:credBlob: true, webauthn:extension:largeBlob: true, webauthn:extension:minPinLength: true, webauthn:extension:prf: true, webauthn:virtualAuthenticators: true}
Session ID: 291ffdffab26ef8f6269944d66105485]]>
            </message>
            <full-stacktrace>
              <![CDATA[java.lang.AssertionError: Unable to verify signin...stale element reference: stale element not found
  (Session info: chrome=120.0.6099.130)
For documentation on this error, please visit: https://www.seleniumhq.org/exceptions/stale_element_reference.html
Build info: version: '3.141.59', revision: 'e82be7d358', time: '2018-11-14T08:17:03'
System info: host: 'LAPTOP-MIBHCKO2', ip: '192.168.1.105', os.name: 'Windows 11', os.arch: 'amd64', os.version: '10.0', java.version: '18.0.2.1'
Driver info: org.openqa.selenium.chrome.ChromeDriver
Capabilities {acceptInsecureCerts: false, browserName: chrome, browserVersion: 120.0.6099.130, chrome: {chromedriverVersion: 120.0.6099.109 (3419140ab66..., userDataDir: C:\Users\pushk\AppData\Loca...}, fedcm:accounts: true, goog:chromeOptions: {debuggerAddress: localhost:64186}, javascriptEnabled: true, networkConnectionEnabled: false, pageLoadStrategy: normal, platform: WINDOWS, platformName: WINDOWS, proxy: Proxy(), setWindowRect: true, strictFileInteractability: false, timeouts: {implicit: 0, pageLoad: 300000, script: 30000}, unhandledPromptBehavior: dismiss and notify, webauthn:extension:credBlob: true, webauthn:extension:largeBlob: true, webauthn:extension:minPinLength: true, webauthn:extension:prf: true, webauthn:virtualAuthenticators: true}
Session ID: 291ffdffab26ef8f6269944d66105485
at org.testng.Assert.fail(Assert.java:111)
at com.cucumber.pom.Pages.LoginPage.verifySignIn(LoginPage.java:74)
at com.cucumber.pom.StepDefinitions.Portfolio.loggedInSuccessful(Portfolio.java:27)
at âœ½.User logged in to Rediff Money Portal(file:///C:/Users/pushk/eclipse-workspace/RediffMoneyCucumberPOM/src/test/resources/Features/Portfolio.feature:27)
]]>
            </full-stacktrace>
          </exception> <!-- java.lang.AssertionError -->
          <reporter-output>
          </reporter-output>
        </test-method> <!-- runScenario -->
        <test-method signature="runScenario(io.cucumber.testng.PickleWrapper,io.cucumber.testng.FeatureWrapper)[pri:0, instance:com.cucumber.pom.Runner.TestRunner@55b0dcab]" started-at="2024-01-01T10:43:15 IST" name="runScenario" description="Runs Cucumber Scenarios" data-provider="scenarios" finished-at="2024-01-01T10:43:28 IST" duration-ms="13557" status="PASS">
          <params>
            <param index="0">
              <value>
                <![CDATA["Add Stock"]]>
              </value>
            </param>
            <param index="1">
              <value>
                <![CDATA["Rediff Money Stock Operations"]]>
              </value>
            </param>
          </params>
          <reporter-output>
          </reporter-output>
        </test-method> <!-- runScenario -->
        <test-method is-config="true" signature="tearDownClass()[pri:0, instance:com.cucumber.pom.Runner.TestRunner@55b0dcab]" started-at="2024-01-01T10:43:28 IST" name="tearDownClass" finished-at="2024-01-01T10:43:28 IST" duration-ms="5" status="PASS">
          <reporter-output>
          </reporter-output>
        </test-method> <!-- tearDownClass -->
      </class> <!-- com.cucumber.pom.Runner.TestRunner -->
    </test> <!-- Complete Test Run -->
  </suite> <!-- Cucumber Automation Suite -->
</testng-results>
