<html>
<head>
<title>TestNG:  Complete Test Run</title>
<link href="../testng.css" rel="stylesheet" type="text/css" />
<link href="../my-testng.css" rel="stylesheet" type="text/css" />

<style type="text/css">
.log { display: none;} 
.stack-trace { display: none;} 
</style>
<script type="text/javascript">
<!--
function flip(e) {
  current = e.style.display;
  if (current == 'block') {
    e.style.display = 'none';
    return 0;
  }
  else {
    e.style.display = 'block';
    return 1;
  }
}

function toggleBox(szDivId, elem, msg1, msg2)
{
  var res = -1;  if (document.getElementById) {
    res = flip(document.getElementById(szDivId));
  }
  else if (document.all) {
    // this is the way old msie versions work
    res = flip(document.all[szDivId]);
  }
  if(elem) {
    if(res == 0) elem.innerHTML = msg1; else elem.innerHTML = msg2;
  }

}

function toggleAllBoxes() {
  if (document.getElementsByTagName) {
    d = document.getElementsByTagName('div');
    for (i = 0; i < d.length; i++) {
      if (d[i].className == 'log') {
        flip(d[i]);
      }
    }
  }
}

// -->
</script>

</head>
<body>
<h2 align='center'>Complete Test Run</h2><table border='1' align="center">
<tr>
<td>Tests passed/Failed/Skipped:</td><td>2/1/0</td>
</tr><tr>
<td>Started on:</td><td>Mon Jan 01 10:42:11 IST 2024</td>
</tr>
<tr><td>Total time:</td><td>77 seconds (77138 ms)</td>
</tr><tr>
<td>Included groups:</td><td></td>
</tr><tr>
<td>Excluded groups:</td><td></td>
</tr>
</table><p/>
<small><i>(Hover the method name to see the test class name)</i></small><p/>
<table width='100%' border='1' class='invocation-failed'>
<tr><td colspan='4' align='center'><b>FAILED TESTS</b></td></tr>
<tr><td><b>Test method</b></td>
<td><b>Attribute(s)</b></td>
<td width="30%"><b>Exception</b></td>
<td width="10%"><b>Time (seconds)</b></td>
<td><b>Instance</b></td>
</tr>
<tr>
<td title='com.cucumber.pom.Runner.TestRunner.runScenario()'><b>runScenario</b><br>Test class: com.cucumber.pom.Runner.TestRunner<br>Test method: Runs Cucumber Scenarios<br>Parameters: "Rename Portfolio", "Rediff Money Portfolio Operations"</td>
<td><div><pre>java.lang.AssertionError: Unable to verify signin...stale element reference: stale element not found
  (Session info: chrome=120.0.6099.130)
For documentation on this error, please visit: https://www.seleniumhq.org/exceptions/stale_element_reference.html
Build info: version: &apos;3.141.59&apos;, revision: &apos;e82be7d358&apos;, time: &apos;2018-11-14T08:17:03&apos;
System info: host: &apos;LAPTOP-MIBHCKO2&apos;, ip: &apos;192.168.1.105&apos;, os.name: &apos;Windows 11&apos;, os.arch: &apos;amd64&apos;, os.version: &apos;10.0&apos;, java.version: &apos;18.0.2.1&apos;
Driver info: org.openqa.selenium.chrome.ChromeDriver
Capabilities {acceptInsecureCerts: false, browserName: chrome, browserVersion: 120.0.6099.130, chrome: {chromedriverVersion: 120.0.6099.109 (3419140ab66..., userDataDir: C:\Users\pushk\AppData\Loca...}, fedcm:accounts: true, goog:chromeOptions: {debuggerAddress: localhost:64186}, javascriptEnabled: true, networkConnectionEnabled: false, pageLoadStrategy: normal, platform: WINDOWS, platformName: WINDOWS, proxy: Proxy(), setWindowRect: true, strictFileInteractability: false, timeouts: {implicit: 0, pageLoad: 300000, script: 30000}, unhandledPromptBehavior: dismiss and notify, webauthn:extension:credBlob: true, webauthn:extension:largeBlob: true, webauthn:extension:minPinLength: true, webauthn:extension:prf: true, webauthn:virtualAuthenticators: true}
Session ID: 291ffdffab26ef8f6269944d66105485
	at com.cucumber.pom.Pages.LoginPage.verifySignIn(LoginPage.java:74)
	at com.cucumber.pom.StepDefinitions.Portfolio.loggedInSuccessful(Portfolio.java:27)
	at ✽.User logged in to Rediff Money Portal(file:///C:/Users/pushk/eclipse-workspace/RediffMoneyCucumberPOM/src/test/resources/Features/Portfolio.feature:27)
... Removed 1 stack frames</pre></div><a href='#' onClick='toggleBox("stack-trace663925782", this, "Click to show all stack frames", "Click to hide stack frames")'>Click to show all stack frames</a>
<div class='stack-trace' id='stack-trace663925782'><pre>java.lang.AssertionError: Unable to verify signin...stale element reference: stale element not found
  (Session info: chrome=120.0.6099.130)
For documentation on this error, please visit: https://www.seleniumhq.org/exceptions/stale_element_reference.html
Build info: version: &apos;3.141.59&apos;, revision: &apos;e82be7d358&apos;, time: &apos;2018-11-14T08:17:03&apos;
System info: host: &apos;LAPTOP-MIBHCKO2&apos;, ip: &apos;192.168.1.105&apos;, os.name: &apos;Windows 11&apos;, os.arch: &apos;amd64&apos;, os.version: &apos;10.0&apos;, java.version: &apos;18.0.2.1&apos;
Driver info: org.openqa.selenium.chrome.ChromeDriver
Capabilities {acceptInsecureCerts: false, browserName: chrome, browserVersion: 120.0.6099.130, chrome: {chromedriverVersion: 120.0.6099.109 (3419140ab66..., userDataDir: C:\Users\pushk\AppData\Loca...}, fedcm:accounts: true, goog:chromeOptions: {debuggerAddress: localhost:64186}, javascriptEnabled: true, networkConnectionEnabled: false, pageLoadStrategy: normal, platform: WINDOWS, platformName: WINDOWS, proxy: Proxy(), setWindowRect: true, strictFileInteractability: false, timeouts: {implicit: 0, pageLoad: 300000, script: 30000}, unhandledPromptBehavior: dismiss and notify, webauthn:extension:credBlob: true, webauthn:extension:largeBlob: true, webauthn:extension:minPinLength: true, webauthn:extension:prf: true, webauthn:virtualAuthenticators: true}
Session ID: 291ffdffab26ef8f6269944d66105485
	at org.testng.Assert.fail(Assert.java:111)
	at com.cucumber.pom.Pages.LoginPage.verifySignIn(LoginPage.java:74)
	at com.cucumber.pom.StepDefinitions.Portfolio.loggedInSuccessful(Portfolio.java:27)
	at ✽.User logged in to Rediff Money Portal(file:///C:/Users/pushk/eclipse-workspace/RediffMoneyCucumberPOM/src/test/resources/Features/Portfolio.feature:27)
</pre></div></td>
<td>7</td>
<td>com.cucumber.pom.Runner.TestRunner@55b0dcab</td></tr>
</table><p>
<table width='100%' border='1' class='invocation-passed'>
<tr><td colspan='4' align='center'><b>PASSED TESTS</b></td></tr>
<tr><td><b>Test method</b></td>
<td><b>Attribute(s)</b></td>
<td width="30%"><b>Exception</b></td>
<td width="10%"><b>Time (seconds)</b></td>
<td><b>Instance</b></td>
</tr>
<tr>
<td title='com.cucumber.pom.Runner.TestRunner.runScenario()'><b>runScenario</b><br>Test class: com.cucumber.pom.Runner.TestRunner<br>Test method: Runs Cucumber Scenarios<br>Parameters: "Create Portfolio", "Rediff Money Portfolio Operations"</td>
<td></td>
<td>55</td>
<td>com.cucumber.pom.Runner.TestRunner@55b0dcab</td></tr>
<tr>
<td title='com.cucumber.pom.Runner.TestRunner.runScenario()'><b>runScenario</b><br>Test class: com.cucumber.pom.Runner.TestRunner<br>Test method: Runs Cucumber Scenarios<br>Parameters: "Add Stock", "Rediff Money Stock Operations"</td>
<td></td>
<td>13</td>
<td>com.cucumber.pom.Runner.TestRunner@55b0dcab</td></tr>
</table><p>
</body>
</html>