<?xml version="1.0" encoding="UTF-8"?>
<!-- Generated by org.testng.reporters.JUnitReportReporter -->
<testsuite hostname="LAPTOP-MIBHCKO2" failures="1" tests="3" name="com.cucumber.pom.Runner.TestRunner" time="76.504" errors="0" timestamp="2024-01-01T10:43:29 IST" skipped="0">
  <testcase classname="com.cucumber.pom.Runner.TestRunner" name="runScenario" time="55.526"/>
  <testcase classname="com.cucumber.pom.Runner.TestRunner" name="runScenario" time="13.557"/>
  <testcase classname="com.cucumber.pom.Runner.TestRunner" name="runScenario" time="7.421">
    <failure message="Unable to verify signin...stale element reference: stale element not found
  (Session info: chrome=120.0.6099.130)
For documentation on this error, please visit: https://www.seleniumhq.org/exceptions/stale_element_reference.html
Build info: version: &#039;3.141.59&#039;, revision: &#039;e82be7d358&#039;, time: &#039;2018-11-14T08:17:03&#039;
System info: host: &#039;LAPTOP-MIBHCKO2&#039;, ip: &#039;192.168.1.105&#039;, os.name: &#039;Windows 11&#039;, os.arch: &#039;amd64&#039;, os.version: &#039;10.0&#039;, java.version: &#039;18.0.2.1&#039;
Driver info: org.openqa.selenium.chrome.ChromeDriver
Capabilities {acceptInsecureCerts: false, browserName: chrome, browserVersion: 120.0.6099.130, chrome: {chromedriverVersion: 120.0.6099.109 (3419140ab66..., userDataDir: C:\Users\pushk\AppData\Loca...}, fedcm:accounts: true, goog:chromeOptions: {debuggerAddress: localhost:64186}, javascriptEnabled: true, networkConnectionEnabled: false, pageLoadStrategy: normal, platform: WINDOWS, platformName: WINDOWS, proxy: Proxy(), setWindowRect: true, strictFileInteractability: false, timeouts: {implicit: 0, pageLoad: 300000, script: 30000}, unhandledPromptBehavior: dismiss and notify, webauthn:extension:credBlob: true, webauthn:extension:largeBlob: true, webauthn:extension:minPinLength: true, webauthn:extension:prf: true, webauthn:virtualAuthenticators: true}
Session ID: 291ffdffab26ef8f6269944d66105485" type="java.lang.AssertionError">
      <![CDATA[java.lang.AssertionError: Unable to verify signin...stale element reference: stale element not found
  (Session info: chrome=120.0.6099.130)
For documentation on this error, please visit: https://www.seleniumhq.org/exceptions/stale_element_reference.html
Build info: version: '3.141.59', revision: 'e82be7d358', time: '2018-11-14T08:17:03'
System info: host: 'LAPTOP-MIBHCKO2', ip: '192.168.1.105', os.name: 'Windows 11', os.arch: 'amd64', os.version: '10.0', java.version: '18.0.2.1'
Driver info: org.openqa.selenium.chrome.ChromeDriver
Capabilities {acceptInsecureCerts: false, browserName: chrome, browserVersion: 120.0.6099.130, chrome: {chromedriverVersion: 120.0.6099.109 (3419140ab66..., userDataDir: C:\Users\pushk\AppData\Loca...}, fedcm:accounts: true, goog:chromeOptions: {debuggerAddress: localhost:64186}, javascriptEnabled: true, networkConnectionEnabled: false, pageLoadStrategy: normal, platform: WINDOWS, platformName: WINDOWS, proxy: Proxy(), setWindowRect: true, strictFileInteractability: false, timeouts: {implicit: 0, pageLoad: 300000, script: 30000}, unhandledPromptBehavior: dismiss and notify, webauthn:extension:credBlob: true, webauthn:extension:largeBlob: true, webauthn:extension:minPinLength: true, webauthn:extension:prf: true, webauthn:virtualAuthenticators: true}
Session ID: 291ffdffab26ef8f6269944d66105485
at org.testng.Assert.fail(Assert.java:111)
at com.cucumber.pom.Pages.LoginPage.verifySignIn(LoginPage.java:74)
at com.cucumber.pom.StepDefinitions.Portfolio.loggedInSuccessful(Portfolio.java:27)
at âœ½.User logged in to Rediff Money Portal(file:///C:/Users/pushk/eclipse-workspace/RediffMoneyCucumberPOM/src/test/resources/Features/Portfolio.feature:27)
]]>
    </failure>
  </testcase> <!-- runScenario -->
</testsuite> <!-- com.cucumber.pom.Runner.TestRunner -->
